

Processing CommitsController#gets (for 127.0.0.1 at 2008-11-10 14:15:48) [GET]
  Session ID: 4cde51a65f9d18dbea7622256b152585
  Parameters: {"action"=>"gets", "method"=>"get", "controller"=>"commits"}
Rendering commits/gets
Completed in 0.00847 (118 reqs/sec) | Rendering: 0.00316 (37%) | DB: 0.00000 (0%) | 200 OK [http://localhost/]
  [4;36;1mSQL (0.000425)[0m   [0;1m SELECT name
 FROM sqlite_master
 WHERE type = 'table' AND NOT name = 'sqlite_sequence'
[0m
  [4;35;1mSQL (0.000323)[0m   [0mselect sqlite_version(*)[0m
  [4;36;1mSQL (0.002934)[0m   [0;1mCREATE TABLE "schema_migrations" ("version" varchar(255) NOT NULL) [0m
  [4;35;1mSQL (0.002431)[0m   [0mCREATE UNIQUE INDEX "unique_schema_migrations" ON "schema_migrations" ("version")[0m
  [4;36;1mSQL (0.000407)[0m   [0;1m SELECT name
 FROM sqlite_master
 WHERE type = 'table' AND NOT name = 'sqlite_sequence'
[0m
  [4;35;1mSQL (0.000215)[0m   [0mSELECT version FROM schema_migrations[0m
  [4;36;1mSQL (0.000208)[0m   [0;1mSELECT version FROM schema_migrations[0m
  [4;35;1mSQL (0.000364)[0m   [0m SELECT name
 FROM sqlite_master
 WHERE type = 'table' AND NOT name = 'sqlite_sequence'
[0m
  [4;36;1mSQL (0.000700)[0m   [0;1m SELECT name
 FROM sqlite_master
 WHERE type = 'table' AND NOT name = 'sqlite_sequence'
[0m
  [4;35;1mSQL (0.000268)[0m   [0mselect sqlite_version(*)[0m
  [4;36;1mSQL (0.002750)[0m   [0;1mCREATE TABLE "schema_migrations" ("version" varchar(255) NOT NULL) [0m
  [4;35;1mSQL (0.004275)[0m   [0mCREATE UNIQUE INDEX "unique_schema_migrations" ON "schema_migrations" ("version")[0m
  [4;36;1mSQL (0.000402)[0m   [0;1m SELECT name
 FROM sqlite_master
 WHERE type = 'table' AND NOT name = 'sqlite_sequence'
[0m
  [4;35;1mSQL (0.000245)[0m   [0mSELECT version FROM "schema_migrations"[0m
  [4;36;1mSQL (0.003291)[0m   [0;1mINSERT INTO "schema_migrations" (version) VALUES ('0')[0m
  [4;36;1mSQL (0.000703)[0m   [0;1m SELECT name
 FROM sqlite_master
 WHERE type = 'table' AND NOT name = 'sqlite_sequence'
[0m
  [4;35;1mSQL (0.000223)[0m   [0mSELECT version FROM schema_migrations[0m
  [4;36;1mSQL (0.000361)[0m   [0;1mselect sqlite_version(*)[0m
  [4;35;1mSQL (0.000212)[0m   [0mSELECT version FROM schema_migrations[0m
  [4;36;1mSQL (0.000386)[0m   [0;1m SELECT name
 FROM sqlite_master
 WHERE type = 'table' AND NOT name = 'sqlite_sequence'
[0m
  [4;35;1mSQL (0.000288)[0m   [0m SELECT name
 FROM sqlite_master
 WHERE type = 'table' AND NOT name = 'sqlite_sequence'
[0m
  [4;36;1mSQL (0.000259)[0m   [0;1mselect sqlite_version(*)[0m
  [4;35;1mSQL (0.003663)[0m   [0mCREATE TABLE "schema_migrations" ("version" varchar(255) NOT NULL) [0m
  [4;36;1mSQL (0.002452)[0m   [0;1mCREATE UNIQUE INDEX "unique_schema_migrations" ON "schema_migrations" ("version")[0m
  [4;35;1mSQL (0.000378)[0m   [0m SELECT name
 FROM sqlite_master
 WHERE type = 'table' AND NOT name = 'sqlite_sequence'
[0m
  [4;36;1mSQL (0.000224)[0m   [0;1mSELECT version FROM "schema_migrations"[0m
  [4;35;1mSQL (0.003364)[0m   [0mINSERT INTO "schema_migrations" (version) VALUES ('0')[0m
  [4;36;1mSQL (0.000731)[0m   [0;1m SELECT name
 FROM sqlite_master
 WHERE type = 'table' AND NOT name = 'sqlite_sequence'
[0m
  [4;35;1mSQL (0.000223)[0m   [0mSELECT version FROM schema_migrations[0m
  [4;36;1mSQL (0.000327)[0m   [0;1mselect sqlite_version(*)[0m
  [4;35;1mSQL (0.000216)[0m   [0mSELECT version FROM schema_migrations[0m
  [4;36;1mSQL (0.000367)[0m   [0;1m SELECT name
 FROM sqlite_master
 WHERE type = 'table' AND NOT name = 'sqlite_sequence'
[0m
  [4;35;1mSQL (0.000265)[0m   [0m SELECT name
 FROM sqlite_master
 WHERE type = 'table' AND NOT name = 'sqlite_sequence'
[0m
  [4;36;1mSQL (0.000291)[0m   [0;1mselect sqlite_version(*)[0m
  [4;35;1mSQL (0.003428)[0m   [0mCREATE TABLE "schema_migrations" ("version" varchar(255) NOT NULL) [0m
  [4;36;1mSQL (0.002471)[0m   [0;1mCREATE UNIQUE INDEX "unique_schema_migrations" ON "schema_migrations" ("version")[0m
  [4;35;1mSQL (0.000417)[0m   [0m SELECT name
 FROM sqlite_master
 WHERE type = 'table' AND NOT name = 'sqlite_sequence'
[0m
  [4;36;1mSQL (0.000625)[0m   [0;1mSELECT version FROM "schema_migrations"[0m
  [4;35;1mSQL (0.004274)[0m   [0mINSERT INTO "schema_migrations" (version) VALUES ('0')[0m
  [4;36;1mSQL (0.000701)[0m   [0;1m SELECT name
 FROM sqlite_master
 WHERE type = 'table' AND NOT name = 'sqlite_sequence'
[0m
  [4;35;1mSQL (0.000224)[0m   [0mSELECT version FROM schema_migrations[0m
  [4;36;1mSQL (0.000334)[0m   [0;1mselect sqlite_version(*)[0m
  [4;35;1mSQL (0.000236)[0m   [0mSELECT version FROM schema_migrations[0m
  [4;36;1mSQL (0.000372)[0m   [0;1m SELECT name
 FROM sqlite_master
 WHERE type = 'table' AND NOT name = 'sqlite_sequence'
[0m
  [4;35;1mSQL (0.000264)[0m   [0m SELECT name
 FROM sqlite_master
 WHERE type = 'table' AND NOT name = 'sqlite_sequence'
[0m
  [4;36;1mSQL (0.000270)[0m   [0;1mselect sqlite_version(*)[0m
  [4;35;1mSQL (0.003474)[0m   [0mCREATE TABLE "schema_migrations" ("version" varchar(255) NOT NULL) [0m
  [4;36;1mSQL (0.003885)[0m   [0;1mCREATE UNIQUE INDEX "unique_schema_migrations" ON "schema_migrations" ("version")[0m
  [4;35;1mSQL (0.000383)[0m   [0m SELECT name
 FROM sqlite_master
 WHERE type = 'table' AND NOT name = 'sqlite_sequence'
[0m
  [4;36;1mSQL (0.000222)[0m   [0;1mSELECT version FROM "schema_migrations"[0m
  [4;35;1mSQL (0.005800)[0m   [0mINSERT INTO "schema_migrations" (version) VALUES ('0')[0m
  [4;36;1mSQL (0.000713)[0m   [0;1m SELECT name
 FROM sqlite_master
 WHERE type = 'table' AND NOT name = 'sqlite_sequence'
[0m
  [4;35;1mSQL (0.000224)[0m   [0mSELECT version FROM schema_migrations[0m
  [4;36;1mSQL (0.000349)[0m   [0;1mselect sqlite_version(*)[0m
  [4;35;1mSQL (0.000215)[0m   [0mSELECT version FROM schema_migrations[0m
  [4;36;1mSQL (0.000388)[0m   [0;1m SELECT name
 FROM sqlite_master
 WHERE type = 'table' AND NOT name = 'sqlite_sequence'
[0m
  [4;35;1mSQL (0.000271)[0m   [0m SELECT name
 FROM sqlite_master
 WHERE type = 'table' AND NOT name = 'sqlite_sequence'
[0m
  [4;36;1mSQL (0.000264)[0m   [0;1mselect sqlite_version(*)[0m
  [4;35;1mSQL (0.004069)[0m   [0mCREATE TABLE "schema_migrations" ("version" varchar(255) NOT NULL) [0m
  [4;36;1mSQL (0.002754)[0m   [0;1mCREATE UNIQUE INDEX "unique_schema_migrations" ON "schema_migrations" ("version")[0m
  [4;35;1mSQL (0.000379)[0m   [0m SELECT name
 FROM sqlite_master
 WHERE type = 'table' AND NOT name = 'sqlite_sequence'
[0m
  [4;36;1mSQL (0.000228)[0m   [0;1mSELECT version FROM "schema_migrations"[0m
  [4;35;1mSQL (0.004193)[0m   [0mINSERT INTO "schema_migrations" (version) VALUES ('0')[0m
  [4;36;1mSQL (0.000731)[0m   [0;1m SELECT name
 FROM sqlite_master
 WHERE type = 'table' AND NOT name = 'sqlite_sequence'
[0m
  [4;35;1mSQL (0.000225)[0m   [0mSELECT version FROM schema_migrations[0m
  [4;36;1mSQL (0.000328)[0m   [0;1mselect sqlite_version(*)[0m
  [4;35;1mSQL (0.000241)[0m   [0mSELECT version FROM schema_migrations[0m
  [4;36;1mSQL (0.000371)[0m   [0;1m SELECT name
 FROM sqlite_master
 WHERE type = 'table' AND NOT name = 'sqlite_sequence'
[0m
  [4;35;1mSQL (0.000286)[0m   [0m SELECT name
 FROM sqlite_master
 WHERE type = 'table' AND NOT name = 'sqlite_sequence'
[0m
  [4;36;1mSQL (0.000272)[0m   [0;1mselect sqlite_version(*)[0m
  [4;35;1mSQL (0.003117)[0m   [0mCREATE TABLE "schema_migrations" ("version" varchar(255) NOT NULL) [0m
  [4;36;1mSQL (0.002431)[0m   [0;1mCREATE UNIQUE INDEX "unique_schema_migrations" ON "schema_migrations" ("version")[0m
  [4;35;1mSQL (0.000408)[0m   [0m SELECT name
 FROM sqlite_master
 WHERE type = 'table' AND NOT name = 'sqlite_sequence'
[0m
  [4;36;1mSQL (0.000222)[0m   [0;1mSELECT version FROM "schema_migrations"[0m
  [4;35;1mSQL (0.003438)[0m   [0mINSERT INTO "schema_migrations" (version) VALUES ('0')[0m
  [4;36;1mSQL (0.000718)[0m   [0;1m SELECT name
 FROM sqlite_master
 WHERE type = 'table' AND NOT name = 'sqlite_sequence'
[0m
  [4;35;1mSQL (0.000231)[0m   [0mSELECT version FROM schema_migrations[0m
  [4;36;1mSQL (0.000353)[0m   [0;1mselect sqlite_version(*)[0m
  [4;35;1mSQL (0.000216)[0m   [0mSELECT version FROM schema_migrations[0m
  [4;36;1mSQL (0.000394)[0m   [0;1m SELECT name
 FROM sqlite_master
 WHERE type = 'table' AND NOT name = 'sqlite_sequence'
[0m
  [4;35;1mSQL (0.000266)[0m   [0m SELECT name
 FROM sqlite_master
 WHERE type = 'table' AND NOT name = 'sqlite_sequence'
[0m
  [4;36;1mSQL (0.000271)[0m   [0;1mselect sqlite_version(*)[0m
  [4;35;1mSQL (0.003842)[0m   [0mCREATE TABLE "schema_migrations" ("version" varchar(255) NOT NULL) [0m
  [4;36;1mSQL (0.002487)[0m   [0;1mCREATE UNIQUE INDEX "unique_schema_migrations" ON "schema_migrations" ("version")[0m
  [4;35;1mSQL (0.000380)[0m   [0m SELECT name
 FROM sqlite_master
 WHERE type = 'table' AND NOT name = 'sqlite_sequence'
[0m
  [4;36;1mSQL (0.000222)[0m   [0;1mSELECT version FROM "schema_migrations"[0m
  [4;35;1mSQL (0.003920)[0m   [0mINSERT INTO "schema_migrations" (version) VALUES ('0')[0m
  [4;36;1mSQL (0.000719)[0m   [0;1m SELECT name
 FROM sqlite_master
 WHERE type = 'table' AND NOT name = 'sqlite_sequence'
[0m
  [4;35;1mSQL (0.000245)[0m   [0mSELECT version FROM schema_migrations[0m
  [4;36;1mSQL (0.000330)[0m   [0;1mselect sqlite_version(*)[0m
  [4;35;1mSQL (0.000211)[0m   [0mSELECT version FROM schema_migrations[0m
  [4;36;1mSQL (0.000373)[0m   [0;1m SELECT name
 FROM sqlite_master
 WHERE type = 'table' AND NOT name = 'sqlite_sequence'
[0m
  [4;35;1mSQL (0.000265)[0m   [0m SELECT name
 FROM sqlite_master
 WHERE type = 'table' AND NOT name = 'sqlite_sequence'
[0m
  [4;36;1mSQL (0.000291)[0m   [0;1mselect sqlite_version(*)[0m
  [4;35;1mSQL (0.003436)[0m   [0mCREATE TABLE "schema_migrations" ("version" varchar(255) NOT NULL) [0m
  [4;36;1mSQL (0.002390)[0m   [0;1mCREATE UNIQUE INDEX "unique_schema_migrations" ON "schema_migrations" ("version")[0m
  [4;35;1mSQL (0.000405)[0m   [0m SELECT name
 FROM sqlite_master
 WHERE type = 'table' AND NOT name = 'sqlite_sequence'
[0m
  [4;36;1mSQL (0.000219)[0m   [0;1mSELECT version FROM "schema_migrations"[0m
  [4;35;1mSQL (0.004111)[0m   [0mINSERT INTO "schema_migrations" (version) VALUES ('0')[0m
  [4;36;1mSQL (0.000732)[0m   [0;1m SELECT name
 FROM sqlite_master
 WHERE type = 'table' AND NOT name = 'sqlite_sequence'
[0m
  [4;35;1mSQL (0.000247)[0m   [0mSELECT version FROM schema_migrations[0m
  [4;36;1mSQL (0.000363)[0m   [0;1mselect sqlite_version(*)[0m
  [4;35;1mSQL (0.001185)[0m   [0mSELECT version FROM schema_migrations[0m
  [4;36;1mSQL (0.000405)[0m   [0;1m SELECT name
 FROM sqlite_master
 WHERE type = 'table' AND NOT name = 'sqlite_sequence'
[0m
  [4;35;1mSQL (0.000285)[0m   [0m SELECT name
 FROM sqlite_master
 WHERE type = 'table' AND NOT name = 'sqlite_sequence'
[0m
  [4;36;1mSQL (0.000273)[0m   [0;1mselect sqlite_version(*)[0m
  [4;35;1mSQL (0.003566)[0m   [0mCREATE TABLE "schema_migrations" ("version" varchar(255) NOT NULL) [0m
  [4;36;1mSQL (0.002420)[0m   [0;1mCREATE UNIQUE INDEX "unique_schema_migrations" ON "schema_migrations" ("version")[0m
  [4;35;1mSQL (0.000380)[0m   [0m SELECT name
 FROM sqlite_master
 WHERE type = 'table' AND NOT name = 'sqlite_sequence'
[0m
  [4;36;1mSQL (0.000224)[0m   [0;1mSELECT version FROM "schema_migrations"[0m
  [4;35;1mSQL (0.003048)[0m   [0mINSERT INTO "schema_migrations" (version) VALUES ('0')[0m
  [4;36;1mSQL (0.000706)[0m   [0;1m SELECT name
 FROM sqlite_master
 WHERE type = 'table' AND NOT name = 'sqlite_sequence'
[0m
  [4;35;1mSQL (0.000223)[0m   [0mSELECT version FROM schema_migrations[0m
  [4;36;1mSQL (0.000350)[0m   [0;1mselect sqlite_version(*)[0m
  [4;35;1mSQL (0.000219)[0m   [0mSELECT version FROM schema_migrations[0m
  [4;36;1mSQL (0.000386)[0m   [0;1m SELECT name
 FROM sqlite_master
 WHERE type = 'table' AND NOT name = 'sqlite_sequence'
[0m
  [4;35;1mSQL (0.000284)[0m   [0m SELECT name
 FROM sqlite_master
 WHERE type = 'table' AND NOT name = 'sqlite_sequence'
[0m
  [4;36;1mSQL (0.000265)[0m   [0;1mselect sqlite_version(*)[0m
  [4;35;1mSQL (0.003106)[0m   [0mCREATE TABLE "schema_migrations" ("version" varchar(255) NOT NULL) [0m
  [4;36;1mSQL (0.002431)[0m   [0;1mCREATE UNIQUE INDEX "unique_schema_migrations" ON "schema_migrations" ("version")[0m
  [4;35;1mSQL (0.000401)[0m   [0m SELECT name
 FROM sqlite_master
 WHERE type = 'table' AND NOT name = 'sqlite_sequence'
[0m
  [4;36;1mSQL (0.000219)[0m   [0;1mSELECT version FROM "schema_migrations"[0m
  [4;35;1mSQL (0.003430)[0m   [0mINSERT INTO "schema_migrations" (version) VALUES ('0')[0m
  [4;36;1mSQL (0.000719)[0m   [0;1m SELECT name
 FROM sqlite_master
 WHERE type = 'table' AND NOT name = 'sqlite_sequence'
[0m
  [4;35;1mSQL (0.000227)[0m   [0mSELECT version FROM schema_migrations[0m
  [4;36;1mSQL (0.000328)[0m   [0;1mselect sqlite_version(*)[0m
  [4;35;1mSQL (0.000240)[0m   [0mSELECT version FROM schema_migrations[0m
  [4;36;1mSQL (0.000364)[0m   [0;1m SELECT name
 FROM sqlite_master
 WHERE type = 'table' AND NOT name = 'sqlite_sequence'
[0m
  [4;35;1mSQL (0.000292)[0m   [0m SELECT name
 FROM sqlite_master
 WHERE type = 'table' AND NOT name = 'sqlite_sequence'
[0m
  [4;36;1mSQL (0.000263)[0m   [0;1mselect sqlite_version(*)[0m
  [4;35;1mSQL (0.003138)[0m   [0mCREATE TABLE "schema_migrations" ("version" varchar(255) NOT NULL) [0m
  [4;36;1mSQL (0.002412)[0m   [0;1mCREATE UNIQUE INDEX "unique_schema_migrations" ON "schema_migrations" ("version")[0m
  [4;35;1mSQL (0.000398)[0m   [0m SELECT name
 FROM sqlite_master
 WHERE type = 'table' AND NOT name = 'sqlite_sequence'
[0m
  [4;36;1mSQL (0.000219)[0m   [0;1mSELECT version FROM "schema_migrations"[0m
  [4;35;1mSQL (0.003384)[0m   [0mINSERT INTO "schema_migrations" (version) VALUES ('0')[0m


Processing CommitsController#gets (for 127.0.0.1 at 2008-11-10 15:23:15) [GET]
  Session ID: BAh7BiIKZmxhc2hJQzonQWN0aW9uQ29udHJvbGxlcjo6Rmxhc2g6OkZsYXNo
SGFzaHsABjoKQHVzZWR7AA==--abd5f8c4a18a0925a9a676ddded7ea7a1714d398
  Parameters: {"action"=>"gets", "method"=>"get", "controller"=>"commits"}
Rendering commits/gets
Completed in 0.03116 (32 reqs/sec) | Rendering: 0.02798 (89%) | DB: 0.00000 (0%) | 200 OK [http://localhost/]


Processing CommitsController#gets (for 127.0.0.1 at 2008-11-10 15:23:23) [GET]
  Session ID: BAh7BiIKZmxhc2hJQzonQWN0aW9uQ29udHJvbGxlcjo6Rmxhc2g6OkZsYXNo
SGFzaHsABjoKQHVzZWR7AA==--abd5f8c4a18a0925a9a676ddded7ea7a1714d398
  Parameters: {"action"=>"gets", "method"=>"get", "controller"=>"commits"}
Rendering commits/gets
Completed in 0.04639 (21 reqs/sec) | Rendering: 0.04312 (92%) | DB: 0.00000 (0%) | 200 OK [http://localhost/]


Processing CommitsController#gets (for 127.0.0.1 at 2008-11-10 15:23:45) [GET]
  Session ID: BAh7BiIKZmxhc2hJQzonQWN0aW9uQ29udHJvbGxlcjo6Rmxhc2g6OkZsYXNo
SGFzaHsABjoKQHVzZWR7AA==--abd5f8c4a18a0925a9a676ddded7ea7a1714d398
  Parameters: {"action"=>"gets", "method"=>"get", "controller"=>"commits"}
Rendering commits/gets
Completed in 0.03232 (30 reqs/sec) | Rendering: 0.02321 (71%) | DB: 0.00000 (0%) | 200 OK [http://localhost/]


Processing CommitsController#gets (for 127.0.0.1 at 2008-11-10 15:25:04) [GET]
  Session ID: BAh7BiIKZmxhc2hJQzonQWN0aW9uQ29udHJvbGxlcjo6Rmxhc2g6OkZsYXNo
SGFzaHsABjoKQHVzZWR7AA==--abd5f8c4a18a0925a9a676ddded7ea7a1714d398
  Parameters: {"action"=>"gets", "method"=>"get", "controller"=>"commits"}
Rendering commits/gets
Completed in 0.03038 (32 reqs/sec) | Rendering: 0.02608 (85%) | DB: 0.00000 (0%) | 200 OK [http://localhost/]


Processing CommitsController#gets (for 127.0.0.1 at 2008-11-10 15:26:48) [GET]
  Session ID: BAh7BiIKZmxhc2hJQzonQWN0aW9uQ29udHJvbGxlcjo6Rmxhc2g6OkZsYXNo
SGFzaHsABjoKQHVzZWR7AA==--abd5f8c4a18a0925a9a676ddded7ea7a1714d398
  Parameters: {"action"=>"gets", "method"=>"get", "controller"=>"commits"}
Rendering commits/gets
Completed in 0.02903 (34 reqs/sec) | Rendering: 0.02569 (88%) | DB: 0.00000 (0%) | 200 OK [http://localhost/]
  [4;36;1mSQL (0.000706)[0m   [0;1m SELECT name
 FROM sqlite_master
 WHERE type = 'table' AND NOT name = 'sqlite_sequence'
[0m
  [4;35;1mSQL (0.000228)[0m   [0mSELECT version FROM schema_migrations[0m
  [4;36;1mSQL (0.000326)[0m   [0;1mselect sqlite_version(*)[0m
  [4;35;1mSQL (0.000212)[0m   [0mSELECT version FROM schema_migrations[0m
  [4;36;1mSQL (0.000371)[0m   [0;1m SELECT name
 FROM sqlite_master
 WHERE type = 'table' AND NOT name = 'sqlite_sequence'
[0m
  [4;35;1mSQL (0.000263)[0m   [0m SELECT name
 FROM sqlite_master
 WHERE type = 'table' AND NOT name = 'sqlite_sequence'
[0m
  [4;36;1mSQL (0.000267)[0m   [0;1mselect sqlite_version(*)[0m
  [4;35;1mSQL (0.002910)[0m   [0mCREATE TABLE "schema_migrations" ("version" varchar(255) NOT NULL) [0m
  [4;36;1mSQL (0.002443)[0m   [0;1mCREATE UNIQUE INDEX "unique_schema_migrations" ON "schema_migrations" ("version")[0m
  [4;35;1mSQL (0.000786)[0m   [0m SELECT name
 FROM sqlite_master
 WHERE type = 'table' AND NOT name = 'sqlite_sequence'
[0m
  [4;36;1mSQL (0.000219)[0m   [0;1mSELECT version FROM "schema_migrations"[0m
  [4;35;1mSQL (0.003864)[0m   [0mINSERT INTO "schema_migrations" (version) VALUES ('0')[0m
  [4;36;1mSQL (0.001110)[0m   [0;1m SELECT name
 FROM sqlite_master
 WHERE type = 'table' AND NOT name = 'sqlite_sequence'
[0m
  [4;35;1mSQL (0.000224)[0m   [0mSELECT version FROM schema_migrations[0m
  [4;36;1mSQL (0.000324)[0m   [0;1mselect sqlite_version(*)[0m
  [4;35;1mSQL (0.000214)[0m   [0mSELECT version FROM schema_migrations[0m
  [4;36;1mSQL (0.000363)[0m   [0;1m SELECT name
 FROM sqlite_master
 WHERE type = 'table' AND NOT name = 'sqlite_sequence'
[0m
  [4;35;1mSQL (0.000264)[0m   [0m SELECT name
 FROM sqlite_master
 WHERE type = 'table' AND NOT name = 'sqlite_sequence'
[0m
  [4;36;1mSQL (0.000288)[0m   [0;1mselect sqlite_version(*)[0m
  [4;35;1mSQL (0.003734)[0m   [0mCREATE TABLE "schema_migrations" ("version" varchar(255) NOT NULL) [0m
  [4;36;1mSQL (0.002448)[0m   [0;1mCREATE UNIQUE INDEX "unique_schema_migrations" ON "schema_migrations" ("version")[0m
  [4;35;1mSQL (0.000381)[0m   [0m SELECT name
 FROM sqlite_master
 WHERE type = 'table' AND NOT name = 'sqlite_sequence'
[0m
  [4;36;1mSQL (0.000242)[0m   [0;1mSELECT version FROM "schema_migrations"[0m
  [4;35;1mSQL (0.004204)[0m   [0mINSERT INTO "schema_migrations" (version) VALUES ('0')[0m
  [4;36;1mSQL (0.000737)[0m   [0;1m SELECT name
 FROM sqlite_master
 WHERE type = 'table' AND NOT name = 'sqlite_sequence'
[0m
  [4;35;1mSQL (0.000241)[0m   [0mSELECT version FROM schema_migrations[0m
  [4;36;1mSQL (0.000330)[0m   [0;1mselect sqlite_version(*)[0m
  [4;35;1mSQL (0.000211)[0m   [0mSELECT version FROM schema_migrations[0m
  [4;36;1mSQL (0.000366)[0m   [0;1m SELECT name
 FROM sqlite_master
 WHERE type = 'table' AND NOT name = 'sqlite_sequence'
[0m
  [4;35;1mSQL (0.000272)[0m   [0m SELECT name
 FROM sqlite_master
 WHERE type = 'table' AND NOT name = 'sqlite_sequence'
[0m
  [4;36;1mSQL (0.000268)[0m   [0;1mselect sqlite_version(*)[0m
  [4;35;1mSQL (0.004106)[0m   [0mCREATE TABLE "schema_migrations" ("version" varchar(255) NOT NULL) [0m
  [4;36;1mSQL (0.002522)[0m   [0;1mCREATE UNIQUE INDEX "unique_schema_migrations" ON "schema_migrations" ("version")[0m
  [4;35;1mSQL (0.000378)[0m   [0m SELECT name
 FROM sqlite_master
 WHERE type = 'table' AND NOT name = 'sqlite_sequence'
[0m
  [4;36;1mSQL (0.000221)[0m   [0;1mSELECT version FROM "schema_migrations"[0m
  [4;35;1mSQL (0.004023)[0m   [0mINSERT INTO "schema_migrations" (version) VALUES ('0')[0m
  [4;36;1mSQL (0.000726)[0m   [0;1m SELECT name
 FROM sqlite_master
 WHERE type = 'table' AND NOT name = 'sqlite_sequence'
[0m
  [4;35;1mSQL (0.000247)[0m   [0mSELECT version FROM schema_migrations[0m
  [4;36;1mSQL (0.000331)[0m   [0;1mselect sqlite_version(*)[0m
  [4;35;1mSQL (0.000216)[0m   [0mSELECT version FROM schema_migrations[0m
  [4;36;1mSQL (0.000373)[0m   [0;1m SELECT name
 FROM sqlite_master
 WHERE type = 'table' AND NOT name = 'sqlite_sequence'
[0m
  [4;35;1mSQL (0.000268)[0m   [0m SELECT name
 FROM sqlite_master
 WHERE type = 'table' AND NOT name = 'sqlite_sequence'
[0m
  [4;36;1mSQL (0.000279)[0m   [0;1mselect sqlite_version(*)[0m
  [4;35;1mSQL (0.004492)[0m   [0mCREATE TABLE "schema_migrations" ("version" varchar(255) NOT NULL) [0m
  [4;36;1mSQL (0.002520)[0m   [0;1mCREATE UNIQUE INDEX "unique_schema_migrations" ON "schema_migrations" ("version")[0m
  [4;35;1mSQL (0.000384)[0m   [0m SELECT name
 FROM sqlite_master
 WHERE type = 'table' AND NOT name = 'sqlite_sequence'
[0m
  [4;36;1mSQL (0.000231)[0m   [0;1mSELECT version FROM "schema_migrations"[0m
  [4;35;1mSQL (0.004190)[0m   [0mINSERT INTO "schema_migrations" (version) VALUES ('0')[0m
  [4;36;1mSQL (0.000736)[0m   [0;1m SELECT name
 FROM sqlite_master
 WHERE type = 'table' AND NOT name = 'sqlite_sequence'
[0m
  [4;35;1mSQL (0.000505)[0m   [0mSELECT version FROM schema_migrations[0m
  [4;36;1mSQL (0.000345)[0m   [0;1mselect sqlite_version(*)[0m
  [4;35;1mSQL (0.000215)[0m   [0mSELECT version FROM schema_migrations[0m
  [4;36;1mSQL (0.000772)[0m   [0;1m SELECT name
 FROM sqlite_master
 WHERE type = 'table' AND NOT name = 'sqlite_sequence'
[0m
  [4;35;1mSQL (0.000293)[0m   [0m SELECT name
 FROM sqlite_master
 WHERE type = 'table' AND NOT name = 'sqlite_sequence'
[0m
  [4;36;1mSQL (0.000265)[0m   [0;1mselect sqlite_version(*)[0m
  [4;35;1mSQL (0.002904)[0m   [0mCREATE TABLE "schema_migrations" ("version" varchar(255) NOT NULL) [0m
  [4;36;1mSQL (0.002437)[0m   [0;1mCREATE UNIQUE INDEX "unique_schema_migrations" ON "schema_migrations" ("version")[0m
  [4;35;1mSQL (0.000408)[0m   [0m SELECT name
 FROM sqlite_master
 WHERE type = 'table' AND NOT name = 'sqlite_sequence'
[0m
  [4;36;1mSQL (0.000220)[0m   [0;1mSELECT version FROM "schema_migrations"[0m
  [4;35;1mSQL (0.003586)[0m   [0mINSERT INTO "schema_migrations" (version) VALUES ('0')[0m


Processing CommitsController#gets (for 127.0.0.1 at 2008-11-10 16:19:26) [GET]
  Session ID: BAh7BiIKZmxhc2hJQzonQWN0aW9uQ29udHJvbGxlcjo6Rmxhc2g6OkZsYXNo
SGFzaHsABjoKQHVzZWR7AA==--abd5f8c4a18a0925a9a676ddded7ea7a1714d398
  Parameters: {"action"=>"gets", "method"=>"get", "controller"=>"commits"}
Rendering commits/gets


ActionView::TemplateError (uninitialized constant GitRepo::GIT_COMMAND) on line #3 of commits/gets.html.erb:
1: <h1>List of Commits</h1>
2: <ol>
3:   <% GitRepo.commits.reverse.each do |commit| -%>
4:   <li>
5:     <a href="/commit/<%= commit[:id] %>"><%= commit[:id] %></a> <%= commit[:when] %>, by <%= commit[:author] %>
6:     <br />

    /opt/ruby-enterprise-1.8.6-20080709/lib/ruby/gems/1.8/gems/activesupport-2.1.0/lib/active_support/dependencies.rb:492:in `const_missing'
    app/models/git_repo.rb:7:in `commits'
    app/views/commits/gets.html.erb:3:in `_run_erb_47app47views47commits47gets46html46erb'
    /opt/ruby-enterprise-1.8.6-20080709/lib/ruby/gems/1.8/gems/actionpack-2.1.0/lib/action_view/base.rb:338:in `send'
    /opt/ruby-enterprise-1.8.6-20080709/lib/ruby/gems/1.8/gems/actionpack-2.1.0/lib/action_view/base.rb:338:in `execute'
    /opt/ruby-enterprise-1.8.6-20080709/lib/ruby/gems/1.8/gems/actionpack-2.1.0/lib/action_view/template_handlers/compilable.rb:29:in `send'
    /opt/ruby-enterprise-1.8.6-20080709/lib/ruby/gems/1.8/gems/actionpack-2.1.0/lib/action_view/template_handlers/compilable.rb:29:in `render'
    /opt/ruby-enterprise-1.8.6-20080709/lib/ruby/gems/1.8/gems/actionpack-2.1.0/lib/action_view/template.rb:35:in `render'
    /opt/ruby-enterprise-1.8.6-20080709/lib/ruby/gems/1.8/gems/actionpack-2.1.0/lib/action_view/template.rb:22:in `render_template'
    /opt/ruby-enterprise-1.8.6-20080709/lib/ruby/gems/1.8/gems/actionpack-2.1.0/lib/action_view/base.rb:245:in `render_file'
    /opt/ruby-enterprise-1.8.6-20080709/lib/ruby/gems/1.8/gems/actionpack-2.1.0/lib/action_controller/base.rb:1108:in `render_for_file'
    /opt/ruby-enterprise-1.8.6-20080709/lib/ruby/gems/1.8/gems/actionpack-2.1.0/lib/action_controller/base.rb:841:in `render_with_no_layout'
    /opt/ruby-enterprise-1.8.6-20080709/lib/ruby/gems/1.8/gems/actionpack-2.1.0/lib/action_controller/layout.rb:259:in `render_without_benchmark'
    /opt/ruby-enterprise-1.8.6-20080709/lib/ruby/gems/1.8/gems/actionpack-2.1.0/lib/action_controller/benchmarking.rb:51:in `render'
    /opt/ruby-enterprise-1.8.6-20080709/lib/ruby/gems/1.8/gems/activesupport-2.1.0/lib/active_support/core_ext/benchmark.rb:8:in `realtime'
    /opt/ruby-enterprise-1.8.6-20080709/lib/ruby/gems/1.8/gems/actionpack-2.1.0/lib/action_controller/benchmarking.rb:51:in `render'
    /opt/ruby-enterprise-1.8.6-20080709/lib/ruby/gems/1.8/gems/actionpack-2.1.0/lib/action_controller/base.rb:1157:in `default_render'
    /opt/ruby-enterprise-1.8.6-20080709/lib/ruby/gems/1.8/gems/actionpack-2.1.0/lib/action_controller/base.rb:1163:in `perform_action_without_filters'
    /opt/ruby-enterprise-1.8.6-20080709/lib/ruby/gems/1.8/gems/actionpack-2.1.0/lib/action_controller/filters.rb:580:in `call_filters'
    /opt/ruby-enterprise-1.8.6-20080709/lib/ruby/gems/1.8/gems/actionpack-2.1.0/lib/action_controller/filters.rb:573:in `perform_action_without_benchmark'
    /opt/ruby-enterprise-1.8.6-20080709/lib/ruby/gems/1.8/gems/actionpack-2.1.0/lib/action_controller/benchmarking.rb:68:in `perform_action_without_rescue'
    /opt/ruby-enterprise-1.8.6-20080709/lib/ruby/1.8/benchmark.rb:293:in `measure'
    /opt/ruby-enterprise-1.8.6-20080709/lib/ruby/gems/1.8/gems/actionpack-2.1.0/lib/action_controller/benchmarking.rb:68:in `perform_action_without_rescue'
    /opt/ruby-enterprise-1.8.6-20080709/lib/ruby/gems/1.8/gems/actionpack-2.1.0/lib/action_controller/rescue.rb:201:in `perform_action_without_caching'
    /opt/ruby-enterprise-1.8.6-20080709/lib/ruby/gems/1.8/gems/actionpack-2.1.0/lib/action_controller/caching/sql_cache.rb:13:in `perform_action'
    /opt/ruby-enterprise-1.8.6-20080709/lib/ruby/gems/1.8/gems/activerecord-2.1.0/lib/active_record/connection_adapters/abstract/query_cache.rb:33:in `cache'
    /opt/ruby-enterprise-1.8.6-20080709/lib/ruby/gems/1.8/gems/activerecord-2.1.0/lib/active_record/query_cache.rb:8:in `cache'
    /opt/ruby-enterprise-1.8.6-20080709/lib/ruby/gems/1.8/gems/actionpack-2.1.0/lib/action_controller/caching/sql_cache.rb:12:in `perform_action'
    /opt/ruby-enterprise-1.8.6-20080709/lib/ruby/gems/1.8/gems/actionpack-2.1.0/lib/action_controller/base.rb:529:in `send'
    /opt/ruby-enterprise-1.8.6-20080709/lib/ruby/gems/1.8/gems/actionpack-2.1.0/lib/action_controller/base.rb:529:in `process_without_filters'
    /opt/ruby-enterprise-1.8.6-20080709/lib/ruby/gems/1.8/gems/actionpack-2.1.0/lib/action_controller/filters.rb:569:in `process_without_session_management_support'
    /opt/ruby-enterprise-1.8.6-20080709/lib/ruby/gems/1.8/gems/actionpack-2.1.0/lib/action_controller/session_management.rb:130:in `process'
    /opt/ruby-enterprise-1.8.6-20080709/lib/ruby/gems/1.8/gems/actionpack-2.1.0/lib/action_controller/base.rb:389:in `process'
    /opt/ruby-enterprise-1.8.6-20080709/lib/ruby/gems/1.8/gems/actionpack-2.1.0/lib/action_controller/dispatcher.rb:149:in `handle_request'
    /opt/ruby-enterprise-1.8.6-20080709/lib/ruby/gems/1.8/gems/actionpack-2.1.0/lib/action_controller/dispatcher.rb:107:in `dispatch'
    /opt/ruby-enterprise-1.8.6-20080709/lib/ruby/gems/1.8/gems/actionpack-2.1.0/lib/action_controller/dispatcher.rb:104:in `synchronize'
    /opt/ruby-enterprise-1.8.6-20080709/lib/ruby/gems/1.8/gems/actionpack-2.1.0/lib/action_controller/dispatcher.rb:104:in `dispatch'
    /opt/ruby-enterprise-1.8.6-20080709/lib/ruby/gems/1.8/gems/actionpack-2.1.0/lib/action_controller/dispatcher.rb:120:in `dispatch_cgi'
    /opt/ruby-enterprise-1.8.6-20080709/lib/ruby/gems/1.8/gems/actionpack-2.1.0/lib/action_controller/dispatcher.rb:35:in `dispatch'
    /opt/ruby-enterprise-1.8.6-20080709/lib/ruby/gems/1.8/gems/mongrel-1.1.5/lib/mongrel/rails.rb:76:in `process'
    /opt/ruby-enterprise-1.8.6-20080709/lib/ruby/gems/1.8/gems/mongrel-1.1.5/lib/mongrel/rails.rb:74:in `synchronize'
    /opt/ruby-enterprise-1.8.6-20080709/lib/ruby/gems/1.8/gems/mongrel-1.1.5/lib/mongrel/rails.rb:74:in `process'
    /opt/ruby-enterprise-1.8.6-20080709/lib/ruby/gems/1.8/gems/mongrel-1.1.5/lib/mongrel.rb:159:in `process_client'
    /opt/ruby-enterprise-1.8.6-20080709/lib/ruby/gems/1.8/gems/mongrel-1.1.5/lib/mongrel.rb:158:in `each'
    /opt/ruby-enterprise-1.8.6-20080709/lib/ruby/gems/1.8/gems/mongrel-1.1.5/lib/mongrel.rb:158:in `process_client'
    /opt/ruby-enterprise-1.8.6-20080709/lib/ruby/gems/1.8/gems/mongrel-1.1.5/lib/mongrel.rb:285:in `run'
    /opt/ruby-enterprise-1.8.6-20080709/lib/ruby/gems/1.8/gems/mongrel-1.1.5/lib/mongrel.rb:285:in `initialize'
    /opt/ruby-enterprise-1.8.6-20080709/lib/ruby/gems/1.8/gems/mongrel-1.1.5/lib/mongrel.rb:285:in `new'
    /opt/ruby-enterprise-1.8.6-20080709/lib/ruby/gems/1.8/gems/mongrel-1.1.5/lib/mongrel.rb:285:in `run'
    /opt/ruby-enterprise-1.8.6-20080709/lib/ruby/gems/1.8/gems/mongrel-1.1.5/lib/mongrel.rb:268:in `initialize'
    /opt/ruby-enterprise-1.8.6-20080709/lib/ruby/gems/1.8/gems/mongrel-1.1.5/lib/mongrel.rb:268:in `new'
    /opt/ruby-enterprise-1.8.6-20080709/lib/ruby/gems/1.8/gems/mongrel-1.1.5/lib/mongrel.rb:268:in `run'
    /opt/ruby-enterprise-1.8.6-20080709/lib/ruby/gems/1.8/gems/mongrel-1.1.5/lib/mongrel/configurator.rb:282:in `run'
    /opt/ruby-enterprise-1.8.6-20080709/lib/ruby/gems/1.8/gems/mongrel-1.1.5/lib/mongrel/configurator.rb:281:in `each'
    /opt/ruby-enterprise-1.8.6-20080709/lib/ruby/gems/1.8/gems/mongrel-1.1.5/lib/mongrel/configurator.rb:281:in `run'
    /opt/ruby-enterprise-1.8.6-20080709/lib/ruby/gems/1.8/gems/mongrel-1.1.5/bin/mongrel_rails:128:in `run'
    /opt/ruby-enterprise-1.8.6-20080709/lib/ruby/gems/1.8/gems/mongrel-1.1.5/lib/mongrel/command.rb:212:in `run'
    /opt/ruby-enterprise-1.8.6-20080709/lib/ruby/gems/1.8/gems/mongrel-1.1.5/bin/mongrel_rails:281
    /opt/ruby-enterprise-1.8.6-20080709/lib/ruby/gems/1.8/gems/activesupport-2.1.0/lib/active_support/dependencies.rb:502:in `load'
    /opt/ruby-enterprise-1.8.6-20080709/lib/ruby/gems/1.8/gems/activesupport-2.1.0/lib/active_support/dependencies.rb:502:in `load'
    /opt/ruby-enterprise-1.8.6-20080709/lib/ruby/gems/1.8/gems/activesupport-2.1.0/lib/active_support/dependencies.rb:354:in `new_constants_in'
    /opt/ruby-enterprise-1.8.6-20080709/lib/ruby/gems/1.8/gems/activesupport-2.1.0/lib/active_support/dependencies.rb:502:in `load'
    /opt/ruby-enterprise-1.8.6-20080709/lib/ruby/gems/1.8/gems/rails-2.1.0/lib/commands/servers/mongrel.rb:64
    /opt/ruby-enterprise-1.8.6-20080709/lib/ruby/site_ruby/1.8/rubygems/custom_require.rb:27:in `gem_original_require'
    /opt/ruby-enterprise-1.8.6-20080709/lib/ruby/site_ruby/1.8/rubygems/custom_require.rb:27:in `require'
    /opt/ruby-enterprise-1.8.6-20080709/lib/ruby/gems/1.8/gems/activesupport-2.1.0/lib/active_support/dependencies.rb:509:in `require'
    /opt/ruby-enterprise-1.8.6-20080709/lib/ruby/gems/1.8/gems/activesupport-2.1.0/lib/active_support/dependencies.rb:354:in `new_constants_in'
    /opt/ruby-enterprise-1.8.6-20080709/lib/ruby/gems/1.8/gems/activesupport-2.1.0/lib/active_support/dependencies.rb:509:in `require'
    /opt/ruby-enterprise-1.8.6-20080709/lib/ruby/gems/1.8/gems/rails-2.1.0/lib/commands/server.rb:39
    /opt/ruby-enterprise-1.8.6-20080709/lib/ruby/site_ruby/1.8/rubygems/custom_require.rb:27:in `gem_original_require'
    /opt/ruby-enterprise-1.8.6-20080709/lib/ruby/site_ruby/1.8/rubygems/custom_require.rb:27:in `require'
    script/server:3

Rendering /opt/ruby-enterprise-1.8.6-20080709/lib/ruby/gems/1.8/gems/actionpack-2.1.0/lib/action_controller/templates/rescues/layout.erb (internal_server_error)


Processing CommitsController#gets (for 127.0.0.1 at 2008-11-10 16:19:37) [GET]
  Session ID: BAh7BiIKZmxhc2hJQzonQWN0aW9uQ29udHJvbGxlcjo6Rmxhc2g6OkZsYXNo
SGFzaHsABjoKQHVzZWR7AA==--abd5f8c4a18a0925a9a676ddded7ea7a1714d398
  Parameters: {"action"=>"gets", "method"=>"get", "controller"=>"commits"}
Rendering commits/gets
Completed in 0.02753 (36 reqs/sec) | Rendering: 0.02137 (77%) | DB: 0.00000 (0%) | 200 OK [http://localhost/]


Processing CommitsController#gets (for 127.0.0.1 at 2008-11-10 16:23:56) [GET]
  Session ID: BAh7BiIKZmxhc2hJQzonQWN0aW9uQ29udHJvbGxlcjo6Rmxhc2g6OkZsYXNo
SGFzaHsABjoKQHVzZWR7AA==--abd5f8c4a18a0925a9a676ddded7ea7a1714d398
  Parameters: {"action"=>"gets", "method"=>"get", "controller"=>"commits"}
Rendering commits/gets
Completed in 0.08626 (11 reqs/sec) | Rendering: 0.06292 (72%) | DB: 0.00000 (0%) | 200 OK [http://localhost/]


Processing CommitsController#gets (for 127.0.0.1 at 2008-11-10 16:24:17) [GET]
  Session ID: BAh7BiIKZmxhc2hJQzonQWN0aW9uQ29udHJvbGxlcjo6Rmxhc2g6OkZsYXNo
SGFzaHsABjoKQHVzZWR7AA==--abd5f8c4a18a0925a9a676ddded7ea7a1714d398
  Parameters: {"action"=>"gets", "method"=>"get", "controller"=>"commits"}
Rendering commits/gets
Completed in 0.03919 (25 reqs/sec) | Rendering: 0.02600 (66%) | DB: 0.00000 (0%) | 200 OK [http://localhost/]
  [4;36;1mSQL (0.001122)[0m   [0;1m SELECT name
 FROM sqlite_master
 WHERE type = 'table' AND NOT name = 'sqlite_sequence'
[0m
  [4;35;1mSQL (0.000224)[0m   [0mSELECT version FROM schema_migrations[0m
  [4;36;1mSQL (0.000330)[0m   [0;1mselect sqlite_version(*)[0m
  [4;35;1mSQL (0.000235)[0m   [0mSELECT version FROM schema_migrations[0m
  [4;36;1mSQL (0.000368)[0m   [0;1m SELECT name
 FROM sqlite_master
 WHERE type = 'table' AND NOT name = 'sqlite_sequence'
[0m
  [4;35;1mSQL (0.000263)[0m   [0m SELECT name
 FROM sqlite_master
 WHERE type = 'table' AND NOT name = 'sqlite_sequence'
[0m
  [4;36;1mSQL (0.000291)[0m   [0;1mselect sqlite_version(*)[0m
  [4;35;1mSQL (0.003791)[0m   [0mCREATE TABLE "schema_migrations" ("version" varchar(255) NOT NULL) [0m
  [4;36;1mSQL (0.002470)[0m   [0;1mCREATE UNIQUE INDEX "unique_schema_migrations" ON "schema_migrations" ("version")[0m
  [4;35;1mSQL (0.000383)[0m   [0m SELECT name
 FROM sqlite_master
 WHERE type = 'table' AND NOT name = 'sqlite_sequence'
[0m
  [4;36;1mSQL (0.000243)[0m   [0;1mSELECT version FROM "schema_migrations"[0m
  [4;35;1mSQL (0.002213)[0m   [0mINSERT INTO "schema_migrations" (version) VALUES ('0')[0m
